2018-07-13 13:41:26.872  INFO 10812 --- [main] c.springboot.SpringbootFirstApplication  : Starting SpringbootFirstApplication on 20170423-122223 with PID 10812 (D:\wks_branch\springbootpractice\target\classes started by Administrator in D:\wks_branch\springbootpractice)
2018-07-13 13:41:26.874  INFO 10812 --- [main] c.springboot.SpringbootFirstApplication  : The following profiles are active: dev
2018-07-13 13:41:28.273  INFO 10812 --- [main] o.apache.catalina.core.StandardService   : Starting service Tomcat
2018-07-13 13:41:28.274  INFO 10812 --- [main] org.apache.catalina.core.StandardEngine  : Starting Servlet Engine: Apache Tomcat/8.5.11
2018-07-13 13:41:28.362  INFO 10812 --- [localhost-startStop-1] o.a.c.c.C.[Tomcat].[localhost].[/]       : Initializing Spring embedded WebApplicationContext
2018-07-13 13:41:29.561  INFO 10812 --- [main] o.hibernate.jpa.internal.util.LogHelper  : HHH000204: Processing PersistenceUnitInfo [
	name: default
	...]
2018-07-13 13:41:29.615  INFO 10812 --- [main] org.hibernate.Version                    : HHH000412: Hibernate Core {5.0.12.Final}
2018-07-13 13:41:29.616  INFO 10812 --- [main] org.hibernate.cfg.Environment            : HHH000206: hibernate.properties not found
2018-07-13 13:41:29.617  INFO 10812 --- [main] org.hibernate.cfg.Environment            : HHH000021: Bytecode provider name : javassist
2018-07-13 13:41:29.650  INFO 10812 --- [main] o.hibernate.annotations.common.Version   : HCANN000001: Hibernate Commons Annotations {5.0.1.Final}
2018-07-13 13:41:29.821  INFO 10812 --- [main] org.hibernate.dialect.Dialect            : HHH000400: Using dialect: org.hibernate.dialect.MySQL5Dialect
2018-07-13 13:41:29.951  WARN 10812 --- [main] o.h.b.i.SessionFactoryBuilderImpl        : Unrecognized hbm2ddl_auto value : none.  Supported values include create, create-drop, update, and validate.  Ignoring
2018-07-13 13:41:31.153  INFO 10812 --- [main] c.springboot.SpringbootFirstApplication  : Started SpringbootFirstApplication in 4.632 seconds (JVM running for 4.916)
2018-07-13 13:42:25.686  INFO 15772 --- [main] c.springboot.SpringbootFirstApplication  : Starting SpringbootFirstApplication on 20170423-122223 with PID 15772 (D:\wks_branch\springbootpractice\target\classes started by Administrator in D:\wks_branch\springbootpractice)
2018-07-13 13:42:25.688  INFO 15772 --- [main] c.springboot.SpringbootFirstApplication  : The following profiles are active: dev
2018-07-13 13:42:27.060  INFO 15772 --- [main] o.apache.catalina.core.StandardService   : Starting service Tomcat
2018-07-13 13:42:27.061  INFO 15772 --- [main] org.apache.catalina.core.StandardEngine  : Starting Servlet Engine: Apache Tomcat/8.5.11
2018-07-13 13:42:27.141  INFO 15772 --- [localhost-startStop-1] o.a.c.c.C.[Tomcat].[localhost].[/]       : Initializing Spring embedded WebApplicationContext
2018-07-13 13:42:27.801  INFO 15772 --- [main] o.hibernate.jpa.internal.util.LogHelper  : HHH000204: Processing PersistenceUnitInfo [
	name: default
	...]
2018-07-13 13:42:27.856  INFO 15772 --- [main] org.hibernate.Version                    : HHH000412: Hibernate Core {5.0.12.Final}
2018-07-13 13:42:27.857  INFO 15772 --- [main] org.hibernate.cfg.Environment            : HHH000206: hibernate.properties not found
2018-07-13 13:42:27.858  INFO 15772 --- [main] org.hibernate.cfg.Environment            : HHH000021: Bytecode provider name : javassist
2018-07-13 13:42:27.888  INFO 15772 --- [main] o.hibernate.annotations.common.Version   : HCANN000001: Hibernate Commons Annotations {5.0.1.Final}
2018-07-13 13:42:28.041  INFO 15772 --- [main] org.hibernate.dialect.Dialect            : HHH000400: Using dialect: org.hibernate.dialect.MySQL5Dialect
2018-07-13 13:42:28.165  WARN 15772 --- [main] o.h.b.i.SessionFactoryBuilderImpl        : Unrecognized hbm2ddl_auto value : none.  Supported values include create, create-drop, update, and validate.  Ignoring
2018-07-13 13:42:29.319  INFO 15772 --- [main] c.springboot.SpringbootFirstApplication  : Started SpringbootFirstApplication in 3.858 seconds (JVM running for 4.129)
2018-07-13 13:43:08.638  INFO 15772 --- [http-nio-8888-exec-1] o.a.c.c.C.[Tomcat].[localhost].[/]       : Initializing Spring FrameworkServlet 'dispatcherServlet'
2018-07-13 13:47:37.023  INFO 16608 --- [main] c.springboot.SpringbootFirstApplication  : Starting SpringbootFirstApplication on 20170423-122223 with PID 16608 (D:\wks_branch\springbootpractice\target\classes started by Administrator in D:\wks_branch\springbootpractice)
2018-07-13 13:47:37.025  INFO 16608 --- [main] c.springboot.SpringbootFirstApplication  : The following profiles are active: dev
2018-07-13 13:47:38.392  INFO 16608 --- [main] o.apache.catalina.core.StandardService   : Starting service Tomcat
2018-07-13 13:47:38.393  INFO 16608 --- [main] org.apache.catalina.core.StandardEngine  : Starting Servlet Engine: Apache Tomcat/8.5.11
2018-07-13 13:47:38.473  INFO 16608 --- [localhost-startStop-1] o.a.c.c.C.[Tomcat].[localhost].[/]       : Initializing Spring embedded WebApplicationContext
2018-07-13 13:47:39.140  INFO 16608 --- [main] o.hibernate.jpa.internal.util.LogHelper  : HHH000204: Processing PersistenceUnitInfo [
	name: default
	...]
2018-07-13 13:47:39.201  INFO 16608 --- [main] org.hibernate.Version                    : HHH000412: Hibernate Core {5.0.12.Final}
2018-07-13 13:47:39.202  INFO 16608 --- [main] org.hibernate.cfg.Environment            : HHH000206: hibernate.properties not found
2018-07-13 13:47:39.204  INFO 16608 --- [main] org.hibernate.cfg.Environment            : HHH000021: Bytecode provider name : javassist
2018-07-13 13:47:39.302  INFO 16608 --- [main] o.hibernate.annotations.common.Version   : HCANN000001: Hibernate Commons Annotations {5.0.1.Final}
2018-07-13 13:47:39.390  INFO 16608 --- [main] org.hibernate.dialect.Dialect            : HHH000400: Using dialect: org.hibernate.dialect.MySQL5Dialect
2018-07-13 13:47:39.529  WARN 16608 --- [main] o.h.b.i.SessionFactoryBuilderImpl        : Unrecognized hbm2ddl_auto value : none.  Supported values include create, create-drop, update, and validate.  Ignoring
2018-07-13 13:47:40.722  INFO 16608 --- [main] c.springboot.SpringbootFirstApplication  : Started SpringbootFirstApplication in 3.96 seconds (JVM running for 4.25)
2018-07-13 13:48:23.904  INFO 15680 --- [main] c.springboot.SpringbootFirstApplication  : Starting SpringbootFirstApplication on 20170423-122223 with PID 15680 (D:\wks_branch\springbootpractice\target\classes started by Administrator in D:\wks_branch\springbootpractice)
2018-07-13 13:48:23.906  INFO 15680 --- [main] c.springboot.SpringbootFirstApplication  : The following profiles are active: dev
2018-07-13 13:48:25.305  INFO 15680 --- [main] o.apache.catalina.core.StandardService   : Starting service Tomcat
2018-07-13 13:48:25.306  INFO 15680 --- [main] org.apache.catalina.core.StandardEngine  : Starting Servlet Engine: Apache Tomcat/8.5.11
2018-07-13 13:48:25.394  INFO 15680 --- [localhost-startStop-1] o.a.c.c.C.[Tomcat].[localhost].[/]       : Initializing Spring embedded WebApplicationContext
2018-07-13 13:48:26.045  INFO 15680 --- [main] o.hibernate.jpa.internal.util.LogHelper  : HHH000204: Processing PersistenceUnitInfo [
	name: default
	...]
2018-07-13 13:48:26.101  INFO 15680 --- [main] org.hibernate.Version                    : HHH000412: Hibernate Core {5.0.12.Final}
2018-07-13 13:48:26.102  INFO 15680 --- [main] org.hibernate.cfg.Environment            : HHH000206: hibernate.properties not found
2018-07-13 13:48:26.103  INFO 15680 --- [main] org.hibernate.cfg.Environment            : HHH000021: Bytecode provider name : javassist
2018-07-13 13:48:26.133  INFO 15680 --- [main] o.hibernate.annotations.common.Version   : HCANN000001: Hibernate Commons Annotations {5.0.1.Final}
2018-07-13 13:48:26.278  INFO 15680 --- [main] org.hibernate.dialect.Dialect            : HHH000400: Using dialect: org.hibernate.dialect.MySQL5Dialect
2018-07-13 13:48:26.413  WARN 15680 --- [main] o.h.b.i.SessionFactoryBuilderImpl        : Unrecognized hbm2ddl_auto value : none.  Supported values include create, create-drop, update, and validate.  Ignoring
2018-07-13 13:48:27.669  INFO 15680 --- [main] c.springboot.SpringbootFirstApplication  : Started SpringbootFirstApplication in 4.018 seconds (JVM running for 4.326)
2018-07-13 13:48:38.826  INFO 15680 --- [http-nio-8888-exec-1] o.a.c.c.C.[Tomcat].[localhost].[/]       : Initializing Spring FrameworkServlet 'dispatcherServlet'
2018-07-13 14:01:23.743  INFO 16804 --- [main] c.springboot.SpringbootFirstApplication  : Starting SpringbootFirstApplication on 20170423-122223 with PID 16804 (D:\wks_branch\springbootpractice\target\classes started by Administrator in D:\wks_branch\springbootpractice)
2018-07-13 14:01:23.745  INFO 16804 --- [main] c.springboot.SpringbootFirstApplication  : The following profiles are active: dev
2018-07-13 14:01:25.127  INFO 16804 --- [main] o.apache.catalina.core.StandardService   : Starting service Tomcat
2018-07-13 14:01:25.128  INFO 16804 --- [main] org.apache.catalina.core.StandardEngine  : Starting Servlet Engine: Apache Tomcat/8.5.11
2018-07-13 14:01:25.204  INFO 16804 --- [localhost-startStop-1] o.a.c.c.C.[Tomcat].[localhost].[/]       : Initializing Spring embedded WebApplicationContext
2018-07-13 14:01:25.905  INFO 16804 --- [main] o.hibernate.jpa.internal.util.LogHelper  : HHH000204: Processing PersistenceUnitInfo [
	name: default
	...]
2018-07-13 14:01:25.964  INFO 16804 --- [main] org.hibernate.Version                    : HHH000412: Hibernate Core {5.0.12.Final}
2018-07-13 14:01:25.965  INFO 16804 --- [main] org.hibernate.cfg.Environment            : HHH000206: hibernate.properties not found
2018-07-13 14:01:25.967  INFO 16804 --- [main] org.hibernate.cfg.Environment            : HHH000021: Bytecode provider name : javassist
2018-07-13 14:01:25.998  INFO 16804 --- [main] o.hibernate.annotations.common.Version   : HCANN000001: Hibernate Commons Annotations {5.0.1.Final}
2018-07-13 14:01:26.180  INFO 16804 --- [main] org.hibernate.dialect.Dialect            : HHH000400: Using dialect: org.hibernate.dialect.MySQL5Dialect
2018-07-13 14:01:26.320  WARN 16804 --- [main] o.h.b.i.SessionFactoryBuilderImpl        : Unrecognized hbm2ddl_auto value : none.  Supported values include create, create-drop, update, and validate.  Ignoring
2018-07-13 14:01:27.637  INFO 16804 --- [main] c.springboot.SpringbootFirstApplication  : Started SpringbootFirstApplication in 4.129 seconds (JVM running for 4.439)
2018-07-13 14:02:47.305  INFO 4584 --- [main] c.springboot.SpringbootFirstApplication  : Starting SpringbootFirstApplication on 20170423-122223 with PID 4584 (D:\wks_branch\springbootpractice\target\classes started by Administrator in D:\wks_branch\springbootpractice)
2018-07-13 14:02:47.307  INFO 4584 --- [main] c.springboot.SpringbootFirstApplication  : The following profiles are active: dev
2018-07-13 14:02:48.569  INFO 4584 --- [main] o.apache.catalina.core.StandardService   : Starting service Tomcat
2018-07-13 14:02:48.570  INFO 4584 --- [main] org.apache.catalina.core.StandardEngine  : Starting Servlet Engine: Apache Tomcat/8.5.11
2018-07-13 14:02:48.655  INFO 4584 --- [localhost-startStop-1] o.a.c.c.C.[Tomcat].[localhost].[/]       : Initializing Spring embedded WebApplicationContext
2018-07-13 14:02:49.282  INFO 4584 --- [main] o.hibernate.jpa.internal.util.LogHelper  : HHH000204: Processing PersistenceUnitInfo [
	name: default
	...]
2018-07-13 14:02:49.335  INFO 4584 --- [main] org.hibernate.Version                    : HHH000412: Hibernate Core {5.0.12.Final}
2018-07-13 14:02:49.336  INFO 4584 --- [main] org.hibernate.cfg.Environment            : HHH000206: hibernate.properties not found
2018-07-13 14:02:49.338  INFO 4584 --- [main] org.hibernate.cfg.Environment            : HHH000021: Bytecode provider name : javassist
2018-07-13 14:02:49.367  INFO 4584 --- [main] o.hibernate.annotations.common.Version   : HCANN000001: Hibernate Commons Annotations {5.0.1.Final}
2018-07-13 14:02:49.512  INFO 4584 --- [main] org.hibernate.dialect.Dialect            : HHH000400: Using dialect: org.hibernate.dialect.MySQL5Dialect
2018-07-13 14:02:49.637  WARN 4584 --- [main] o.h.b.i.SessionFactoryBuilderImpl        : Unrecognized hbm2ddl_auto value : none.  Supported values include create, create-drop, update, and validate.  Ignoring
2018-07-13 14:02:50.784  INFO 4584 --- [main] c.springboot.SpringbootFirstApplication  : Started SpringbootFirstApplication in 3.718 seconds (JVM running for 4.019)
2018-07-13 15:06:06.593  INFO 16988 --- [main] c.springboot.SpringbootFirstApplication  : Starting SpringbootFirstApplication on 20170423-122223 with PID 16988 (D:\wks_branch\springbootpractice\target\classes started by Administrator in D:\wks_branch\springbootpractice)
2018-07-13 15:06:06.595  INFO 16988 --- [main] c.springboot.SpringbootFirstApplication  : The following profiles are active: dev
2018-07-13 15:06:08.003  INFO 16988 --- [main] o.apache.catalina.core.StandardService   : Starting service Tomcat
2018-07-13 15:06:08.004  INFO 16988 --- [main] org.apache.catalina.core.StandardEngine  : Starting Servlet Engine: Apache Tomcat/8.5.11
2018-07-13 15:06:08.129  INFO 16988 --- [localhost-startStop-1] o.a.c.c.C.[Tomcat].[localhost].[/]       : Initializing Spring embedded WebApplicationContext
2018-07-13 15:06:08.744  INFO 16988 --- [main] o.hibernate.jpa.internal.util.LogHelper  : HHH000204: Processing PersistenceUnitInfo [
	name: default
	...]
2018-07-13 15:06:08.807  INFO 16988 --- [main] org.hibernate.Version                    : HHH000412: Hibernate Core {5.0.12.Final}
2018-07-13 15:06:08.808  INFO 16988 --- [main] org.hibernate.cfg.Environment            : HHH000206: hibernate.properties not found
2018-07-13 15:06:08.809  INFO 16988 --- [main] org.hibernate.cfg.Environment            : HHH000021: Bytecode provider name : javassist
2018-07-13 15:06:08.838  INFO 16988 --- [main] o.hibernate.annotations.common.Version   : HCANN000001: Hibernate Commons Annotations {5.0.1.Final}
2018-07-13 15:06:08.977  INFO 16988 --- [main] org.hibernate.dialect.Dialect            : HHH000400: Using dialect: org.hibernate.dialect.MySQL5Dialect
2018-07-13 15:06:09.111  WARN 16988 --- [main] o.h.b.i.SessionFactoryBuilderImpl        : Unrecognized hbm2ddl_auto value : none.  Supported values include create, create-drop, update, and validate.  Ignoring
2018-07-13 15:06:10.339  INFO 16988 --- [main] c.springboot.SpringbootFirstApplication  : Started SpringbootFirstApplication in 3.988 seconds (JVM running for 4.275)
2018-07-16 11:05:57.653  INFO 9844 --- [main] c.springboot.SpringbootFirstApplication  : Starting SpringbootFirstApplication on 20170423-122223 with PID 9844 (D:\wks_branch\springbootpractice\target\classes started by Administrator in D:\wks_branch\springbootpractice)
2018-07-16 11:05:57.692  INFO 9844 --- [main] c.springboot.SpringbootFirstApplication  : The following profiles are active: dev
2018-07-16 11:05:59.183  INFO 9844 --- [main] o.apache.catalina.core.StandardService   : Starting service Tomcat
2018-07-16 11:05:59.184  INFO 9844 --- [main] org.apache.catalina.core.StandardEngine  : Starting Servlet Engine: Apache Tomcat/8.5.11
2018-07-16 11:05:59.296  INFO 9844 --- [localhost-startStop-1] o.a.c.c.C.[Tomcat].[localhost].[/]       : Initializing Spring embedded WebApplicationContext
2018-07-16 11:06:00.261  INFO 9844 --- [main] o.hibernate.jpa.internal.util.LogHelper  : HHH000204: Processing PersistenceUnitInfo [
	name: default
	...]
2018-07-16 11:06:00.332  INFO 9844 --- [main] org.hibernate.Version                    : HHH000412: Hibernate Core {5.0.12.Final}
2018-07-16 11:06:00.333  INFO 9844 --- [main] org.hibernate.cfg.Environment            : HHH000206: hibernate.properties not found
2018-07-16 11:06:00.335  INFO 9844 --- [main] org.hibernate.cfg.Environment            : HHH000021: Bytecode provider name : javassist
2018-07-16 11:06:00.431  INFO 9844 --- [main] o.hibernate.annotations.common.Version   : HCANN000001: Hibernate Commons Annotations {5.0.1.Final}
2018-07-16 11:06:00.525  INFO 9844 --- [main] org.hibernate.dialect.Dialect            : HHH000400: Using dialect: org.hibernate.dialect.MySQL5Dialect
2018-07-16 11:06:00.664  WARN 9844 --- [main] o.h.b.i.SessionFactoryBuilderImpl        : Unrecognized hbm2ddl_auto value : none.  Supported values include create, create-drop, update, and validate.  Ignoring
2018-07-16 11:06:02.087  INFO 9844 --- [main] c.springboot.SpringbootFirstApplication  : Started SpringbootFirstApplication in 4.821 seconds (JVM running for 5.353)
2018-07-16 11:06:30.484  INFO 9844 --- [http-nio-8888-exec-1] o.a.c.c.C.[Tomcat].[localhost].[/]       : Initializing Spring FrameworkServlet 'dispatcherServlet'
